#
# A fatal error has been detected by the Java Runtime Environment:
#
#  EXCEPTION_ACCESS_VIOLATION (0xc0000005) at pc=0x000000006599b59b, pid=13696, tid=0x0000000000004540
#
# JRE version: Java(TM) SE Runtime Environment (8.0_301-b09) (build 1.8.0_301-b09)
# Java VM: Java HotSpot(TM) 64-Bit Server VM (25.301-b09 mixed mode windows-amd64 compressed oops)
# Problematic frame:
# V  [jvm.dll+0x20b59b]
#
# Failed to write core dump. Minidumps are not enabled by default on client versions of Windows
#
# If you would like to submit a bug report, please visit:
#   http://bugreport.java.com/bugreport/crash.jsp
#

---------------  T H R E A D  ---------------

Current thread (0x0000025f4165c000):  JavaThread "Thread-17777" [_thread_in_vm, id=17728, stack(0x000000c938700000,0x000000c938800000)]

siginfo: ExceptionCode=0xc0000005, writing address 0x000000c9387f9670

Registers:
RAX=0x0000000000000007, RBX=0x0000000000000007, RCX=0x000000c9387f9670, RDX=0x0000000000006000
RSP=0x000000c9387ff670, RBP=0x000000c9387ff770, RSI=0x0000000000000007, RDI=0x0000025f3788e320
R8 =0x0000000000000005, R9 =0x0000000000000006, R10=0x0000025f3b940370, R11=0x0000025f3788e320
R12=0x0000025f415eb7f0, R13=0x000000c9387ffa40, R14=0x000000c9387ff970, R15=0x000000c9387ff670
RIP=0x000000006599b59b, EFLAGS=0x0000000000010202

Top of Stack: (sp=0x000000c9387ff670)
0x000000c9387ff670:   0000025f4165c000 0000000000000001
0x000000c9387ff680:   0000025f3788e320 00000000658574ea
0x000000c9387ff690:   0000025f3788e320 0000025f4165c000
0x000000c9387ff6a0:   00007ffdf2640000 0000000000000000
0x000000c9387ff6b0:   0000000a00006c00 0000025f3788e320
0x000000c9387ff6c0:   0000025f4165c000 0000025f26076e20
0x000000c9387ff6d0:   0000000000000001 000000007ffe0384
0x000000c9387ff6e0:   0000025f3788e320 00007ffd00000001
0x000000c9387ff6f0:   00007ffd00000005 0000025f4165c000
0x000000c9387ff700:   0000025f3788e320 0000025f4165c000
0x000000c9387ff710:   0000025f3788e320 0000025f4165c000
0x000000c9387ff720:   0000025f4165c000 0000025f4165c000
0x000000c9387ff730:   0000000000000005 0000025f3788e320
0x000000c9387ff740:   0000000100006c48 000000006585c777
0x000000c9387ff750:   0000025f415eb7f0 000000c9387ff7b1
0x000000c9387ff760:   0000025f3788e320 000000c928731000 

Instructions: (pc=0x000000006599b59b)
0x000000006599b57b:   f8 7c 33 48 8b de e8 8a 9c 08 00 48 63 d0 ff c6
0x000000006599b58b:   48 0f af d3 49 8b cf 48 63 c6 48 2b ca 48 ff c3
0x000000006599b59b:   c7 01 00 00 00 00 48 3b 05 08 00 56 00 7e d7 48
0x000000006599b5ab:   8b 9d e8 00 00 00 48 8d 54 24 48 48 8d 4d 50 e8 


Register to memory mapping:

RAX=0x0000000000000007 is an unknown value
RBX=0x0000000000000007 is an unknown value
RCX=0x000000c9387f9670 is pointing into the stack for thread: 0x0000025f4165c000
RDX=0x0000000000006000 is an unknown value
RSP=0x000000c9387ff670 is pointing into the stack for thread: 0x0000025f4165c000
RBP=0x000000c9387ff770 is pointing into the stack for thread: 0x0000025f4165c000
RSI=0x0000000000000007 is an unknown value
RDI={method} {0x0000025f3788e328} 'run' '()V' in 'java/lang/Thread'
R8 =0x0000000000000005 is an unknown value
R9 =0x0000000000000006 is an unknown value
R10=0x0000025f3b940370 is an unknown value
R11={method} {0x0000025f3788e328} 'run' '()V' in 'java/lang/Thread'
R12=0x0000025f415eb7f0 is an unknown value
R13=0x000000c9387ffa40 is pointing into the stack for thread: 0x0000025f4165c000
R14=0x000000c9387ff970 is pointing into the stack for thread: 0x0000025f4165c000
R15=0x000000c9387ff670 is pointing into the stack for thread: 0x0000025f4165c000


Stack: [0x000000c938700000,0x000000c938800000],  sp=0x000000c9387ff670,  free space=1021k
Native frames: (J=compiled Java code, j=interpreted, Vv=VM code, C=native code)
V  [jvm.dll+0x20b59b]


---------------  P R O C E S S  ---------------

Java Threads: ( => current thread )
  0x0000025f41657800 JavaThread "Thread-17779" [_thread_blocked, id=8460, stack(0x000000c938a00000,0x000000c938b00000)]
=>0x0000025f4165c000 JavaThread "Thread-17777" [_thread_in_vm, id=17728, stack(0x000000c938700000,0x000000c938800000)]
  0x0000025f41654800 JavaThread "Thread-17775" [_thread_blocked, id=18412, stack(0x000000c92f100000,0x000000c92f200000)]
  0x0000025f41659000 JavaThread "Thread-17773" [_thread_blocked, id=5224, stack(0x000000c938600000,0x000000c938700000)]
  0x0000025f4165b000 JavaThread "Thread-17771" [_thread_blocked, id=17712, stack(0x000000c938500000,0x000000c938600000)]
  0x0000025f41656000 JavaThread "Thread-17769" [_thread_blocked, id=6716, stack(0x000000c938400000,0x000000c938500000)]
  0x0000025f41653800 JavaThread "Thread-17767" [_thread_blocked, id=7376, stack(0x000000c938300000,0x000000c938400000)]
  0x0000025f4165a800 JavaThread "Thread-17765" [_thread_blocked, id=16224, stack(0x000000c92ef00000,0x000000c92f000000)]
  0x0000025f41659800 JavaThread "Thread-17763" [_thread_blocked, id=17644, stack(0x000000c938200000,0x000000c938300000)]
  0x0000025f41658000 JavaThread "Thread-17761" [_thread_blocked, id=6112, stack(0x000000c938100000,0x000000c938200000)]
  0x0000025f41655000 JavaThread "Thread-17759" [_thread_blocked, id=6608, stack(0x000000c937f00000,0x000000c938000000)]
  0x0000025f413ed800 JavaThread "Thread-17757" [_thread_blocked, id=12200, stack(0x000000c937e00000,0x000000c937f00000)]
  0x0000025f413ed000 JavaThread "Thread-17755" [_thread_blocked, id=17768, stack(0x000000c92ed00000,0x000000c92ee00000)]
  0x0000025f413ea800 JavaThread "Thread-17753" [_thread_blocked, id=15004, stack(0x000000c937d00000,0x000000c937e00000)]
  0x0000025f413eb800 JavaThread "Thread-17751" [_thread_blocked, id=16140, stack(0x000000c92eb00000,0x000000c92ec00000)]
  0x0000025f413ea000 JavaThread "Thread-17749" [_thread_blocked, id=4576, stack(0x000000c937b00000,0x000000c937c00000)]
  0x0000025f413ec000 JavaThread "Thread-17747" [_thread_blocked, id=9064, stack(0x000000c937900000,0x000000c937a00000)]
  0x0000025f413e9000 JavaThread "Thread-17745" [_thread_blocked, id=6816, stack(0x000000c937700000,0x000000c937800000)]
  0x0000025f413ef000 JavaThread "Thread-17743" [_thread_blocked, id=1164, stack(0x000000c92e900000,0x000000c92ea00000)]
  0x0000025f413e8800 JavaThread "Thread-17741" [_thread_blocked, id=12784, stack(0x000000c92f000000,0x000000c92f100000)]
  0x0000025f413ee800 JavaThread "Thread-17739" [_thread_blocked, id=18124, stack(0x000000c92ee00000,0x000000c92ef00000)]
  0x0000025f413e1000 JavaThread "Thread-17737" [_thread_blocked, id=5304, stack(0x000000c92ec00000,0x000000c92ed00000)]
  0x0000025f413e7800 JavaThread "Thread-17735" [_thread_blocked, id=8636, stack(0x000000c92ea00000,0x000000c92eb00000)]
  0x0000025f413e7000 JavaThread "Thread-17733" [_thread_blocked, id=1996, stack(0x000000c92e800000,0x000000c92e900000)]
  0x0000025f413e6000 JavaThread "Thread-17731" [_thread_blocked, id=7468, stack(0x000000c92e700000,0x000000c92e800000)]
  0x0000025f413df800 JavaThread "Thread-17729" [_thread_blocked, id=16492, stack(0x000000c92e600000,0x000000c92e700000)]
  0x0000025f413e5800 JavaThread "Thread-17727" [_thread_blocked, id=12728, stack(0x000000c92e500000,0x000000c92e600000)]
  0x0000025f413e4000 JavaThread "Thread-17725" [_thread_blocked, id=13488, stack(0x000000c92e400000,0x000000c92e500000)]
  0x0000025f413de000 JavaThread "Thread-17723" [_thread_blocked, id=11792, stack(0x000000c92e300000,0x000000c92e400000)]
  0x0000025f413e3000 JavaThread "Thread-17721" [_thread_blocked, id=14476, stack(0x000000c92e200000,0x000000c92e300000)]
  0x0000025f413e2800 JavaThread "Thread-17719" [_thread_blocked, id=12428, stack(0x000000c92e100000,0x000000c92e200000)]
  0x0000025f413e0000 JavaThread "Thread-17717" [_thread_blocked, id=12588, stack(0x000000c92e000000,0x000000c92e100000)]
  0x0000025f413e4800 JavaThread "Thread-17715" [_thread_blocked, id=8532, stack(0x000000c92df00000,0x000000c92e000000)]
  0x0000025f413de800 JavaThread "Thread-17713" [_thread_blocked, id=6060, stack(0x000000c92de00000,0x000000c92df00000)]
  0x0000025f413e1800 JavaThread "Thread-17711" [_thread_blocked, id=18036, stack(0x000000c92dd00000,0x000000c92de00000)]
  0x0000025f413d9800 JavaThread "Thread-17709" [_thread_blocked, id=12556, stack(0x000000c92dc00000,0x000000c92dd00000)]
  0x0000025f413db000 JavaThread "Thread-17707" [_thread_blocked, id=16000, stack(0x000000c92db00000,0x000000c92dc00000)]
  0x0000025f413d7000 JavaThread "Thread-17705" [_thread_blocked, id=15204, stack(0x000000c92da00000,0x000000c92db00000)]
  0x0000025f413d8800 JavaThread "Thread-17703" [_thread_blocked, id=4324, stack(0x000000c92d900000,0x000000c92da00000)]
  0x0000025f413d6800 JavaThread "Thread-17701" [_thread_blocked, id=8400, stack(0x000000c92d800000,0x000000c92d900000)]
  0x0000025f413dd000 JavaThread "Thread-17699" [_thread_blocked, id=18308, stack(0x000000c92d700000,0x000000c92d800000)]
  0x0000025f413dc800 JavaThread "Thread-17697" [_thread_blocked, id=13148, stack(0x000000c92b300000,0x000000c92b400000)]
  0x0000025f413db800 JavaThread "Thread-17695" [_thread_blocked, id=13528, stack(0x000000c92b200000,0x000000c92b300000)]
  0x0000025f413da000 JavaThread "Thread-17693" [_thread_blocked, id=16408, stack(0x000000c92a600000,0x000000c92a700000)]
  0x0000025f413d8000 JavaThread "Thread-17691" [_thread_blocked, id=17800, stack(0x000000c92d600000,0x000000c92d700000)]
  0x0000025f413d4000 JavaThread "Thread-17689" [_thread_blocked, id=11636, stack(0x000000c92a500000,0x000000c92a600000)]
  0x0000025f413d3800 JavaThread "Thread-17687" [_thread_blocked, id=13268, stack(0x000000c938000000,0x000000c938100000)]
  0x0000025f413d2800 JavaThread "Thread-17685" [_thread_blocked, id=11888, stack(0x000000c937600000,0x000000c937700000)]
  0x0000025f413d2000 JavaThread "Thread-17683" [_thread_blocked, id=3588, stack(0x000000c937500000,0x000000c937600000)]
  0x0000025f413d1000 JavaThread "Thread-17681" [_thread_blocked, id=13296, stack(0x000000c937c00000,0x000000c937d00000)]
  0x0000025f413d5800 JavaThread "Thread-17679" [_thread_blocked, id=14864, stack(0x000000c937a00000,0x000000c937b00000)]
  0x0000025f413d5000 JavaThread "Thread-17677" [_thread_blocked, id=12680, stack(0x000000c937800000,0x000000c937900000)]
  0x0000025f413d0800 JavaThread "Thread-17675" [_thread_blocked, id=18100, stack(0x000000c92d500000,0x000000c92d600000)]
  0x0000025f393ce800 JavaThread "Thread-17673" [_thread_blocked, id=6244, stack(0x000000c937200000,0x000000c937300000)]
  0x0000025f4166b800 JavaThread "Thread-17671" [_thread_blocked, id=15764, stack(0x000000c937300000,0x000000c937400000)]
  0x0000025f41672800 JavaThread "Thread-17669" [_thread_blocked, id=16940, stack(0x000000c92d400000,0x000000c92d500000)]
  0x0000025f393d3000 JavaThread "Thread-17667" [_thread_blocked, id=11772, stack(0x000000c937400000,0x000000c937500000)]
  0x0000025f41671000 JavaThread "Thread-17665" [_thread_blocked, id=8372, stack(0x000000c937100000,0x000000c937200000)]
  0x0000025f41671800 JavaThread "Thread-17663" [_thread_blocked, id=15528, stack(0x000000c936f00000,0x000000c937000000)]
  0x0000025f41670000 JavaThread "Thread-17661" [_thread_blocked, id=8552, stack(0x000000c937000000,0x000000c937100000)]
  0x0000025f4166c800 JavaThread "Thread-17659" [_thread_blocked, id=16764, stack(0x000000c936e00000,0x000000c936f00000)]
  0x0000025f4166d000 JavaThread "Thread-17657" [_thread_blocked, id=13712, stack(0x000000c92d300000,0x000000c92d400000)]
  0x0000025f393d4800 JavaThread "Thread-17655" [_thread_blocked, id=7724, stack(0x000000c936d00000,0x000000c936e00000)]
  0x0000025f393cc800 JavaThread "Thread-17653" [_thread_blocked, id=7692, stack(0x000000c936c00000,0x000000c936d00000)]
  0x0000025f393d2800 JavaThread "Thread-17651" [_thread_blocked, id=3224, stack(0x000000c936b00000,0x000000c936c00000)]
  0x0000025f393cb000 JavaThread "Thread-17649" [_thread_blocked, id=17468, stack(0x000000c936a00000,0x000000c936b00000)]
  0x0000025f393d1800 JavaThread "Thread-17647" [_thread_blocked, id=13044, stack(0x000000c936900000,0x000000c936a00000)]
  0x0000025f393cb800 JavaThread "Thread-17645" [_thread_blocked, id=3608, stack(0x000000c92d200000,0x000000c92d300000)]
  0x0000025f393d1000 JavaThread "Thread-17643" [_thread_blocked, id=16460, stack(0x000000c92d100000,0x000000c92d200000)]
  0x0000025f393d0000 JavaThread "Thread-17641" [_thread_blocked, id=16480, stack(0x000000c936700000,0x000000c936800000)]
  0x0000025f393ce000 JavaThread "Thread-17639" [_thread_blocked, id=14840, stack(0x000000c936500000,0x000000c936600000)]
  0x0000025f393c9800 JavaThread "Thread-17637" [_thread_blocked, id=10516, stack(0x000000c934700000,0x000000c934800000)]
  0x0000025f393ca000 JavaThread "Thread-17635" [_thread_blocked, id=3552, stack(0x000000c934600000,0x000000c934700000)]
  0x0000025f393cd000 JavaThread "Thread-17633" [_thread_blocked, id=9856, stack(0x000000c92d000000,0x000000c92d100000)]
  0x0000025f393cf800 JavaThread "Thread-17631" [_thread_blocked, id=7680, stack(0x000000c92cf00000,0x000000c92d000000)]
  0x0000025f393c2000 JavaThread "Thread-17629" [_thread_blocked, id=128, stack(0x000000c92ce00000,0x000000c92cf00000)]
  0x0000025f393c8800 JavaThread "Thread-17627" [_thread_blocked, id=14296, stack(0x000000c92cd00000,0x000000c92ce00000)]
  0x0000025f393c1000 JavaThread "Thread-17625" [_thread_blocked, id=848, stack(0x000000c92cc00000,0x000000c92cd00000)]
  0x0000025f393c8000 JavaThread "Thread-17623" [_thread_blocked, id=17664, stack(0x000000c92cb00000,0x000000c92cc00000)]
  0x0000025f393c0800 JavaThread "Thread-17621" [_thread_blocked, id=18276, stack(0x000000c92ca00000,0x000000c92cb00000)]
  0x0000025f393c7000 JavaThread "Thread-17619" [_thread_blocked, id=14564, stack(0x000000c92c900000,0x000000c92ca00000)]
  0x0000025f393c5000 JavaThread "Thread-17617" [_thread_blocked, id=15456, stack(0x000000c92c800000,0x000000c92c900000)]
  0x0000025f393c5800 JavaThread "Thread-17615" [_thread_blocked, id=17772, stack(0x000000c92c700000,0x000000c92c800000)]
  0x0000025f393c4000 JavaThread "Thread-17613" [_thread_blocked, id=10916, stack(0x000000c934400000,0x000000c934500000)]
  0x0000025f393c3800 JavaThread "Thread-17611" [_thread_blocked, id=12008, stack(0x000000c92c600000,0x000000c92c700000)]
  0x0000025f393c2800 JavaThread "Thread-17609" [_thread_blocked, id=15780, stack(0x000000c934300000,0x000000c934400000)]
  0x0000025f393c6800 JavaThread "Thread-17607" [_thread_blocked, id=10440, stack(0x000000c92c500000,0x000000c92c600000)]
  0x0000025f4148b800 JavaThread "Thread-17605" [_thread_blocked, id=12292, stack(0x000000c92c400000,0x000000c92c500000)]
  0x0000025f41484000 JavaThread "Thread-17603" [_thread_blocked, id=16328, stack(0x000000c92c300000,0x000000c92c400000)]
  0x0000025f4148a800 JavaThread "Thread-17601" [_thread_blocked, id=9092, stack(0x000000c92c200000,0x000000c92c300000)]
  0x0000025f41489000 JavaThread "Thread-17599" [_thread_blocked, id=11424, stack(0x000000c92c100000,0x000000c92c200000)]
  0x0000025f4148a000 JavaThread "Thread-17597" [_thread_blocked, id=12052, stack(0x000000c92c000000,0x000000c92c100000)]
  0x0000025f41481800 JavaThread "Thread-17595" [_thread_blocked, id=14664, stack(0x000000c92bf00000,0x000000c92c000000)]
  0x0000025f41488800 JavaThread "Thread-17593" [_thread_blocked, id=12320, stack(0x000000c92be00000,0x000000c92bf00000)]
  0x0000025f41483000 JavaThread "Thread-17591" [_thread_blocked, id=7516, stack(0x000000c92bd00000,0x000000c92be00000)]
  0x0000025f41484800 JavaThread "Thread-17589" [_thread_blocked, id=14444, stack(0x000000c92bc00000,0x000000c92bd00000)]
  0x0000025f41487000 JavaThread "Thread-17587" [_thread_blocked, id=12928, stack(0x000000c92ba00000,0x000000c92bb00000)]
  0x0000025f41486000 JavaThread "Thread-17585" [_thread_blocked, id=13316, stack(0x000000c92bb00000,0x000000c92bc00000)]
  0x0000025f41487800 JavaThread "Thread-17583" [_thread_blocked, id=16272, stack(0x000000c92b900000,0x000000c92ba00000)]
  0x0000025f41485800 JavaThread "Thread-17581" [_thread_blocked, id=11908, stack(0x000000c92b800000,0x000000c92b900000)]
  0x0000025f41482800 JavaThread "Thread-17579" [_thread_blocked, id=17336, stack(0x000000c92b700000,0x000000c92b800000)]
  0x0000025f4147a000 JavaThread "Thread-17577" [_thread_blocked, id=8436, stack(0x000000c92b600000,0x000000c92b700000)]
  0x0000025f41481000 JavaThread "Thread-17575" [_thread_blocked, id=6724, stack(0x000000c92b500000,0x000000c92b600000)]
  0x0000025f41480000 JavaThread "Thread-17573" [_thread_blocked, id=2940, stack(0x000000c92b100000,0x000000c92b200000)]
  0x0000025f41478800 JavaThread "Thread-17571" [_thread_blocked, id=756, stack(0x000000c92b400000,0x000000c92b500000)]
  0x0000025f4147f800 JavaThread "Thread-17569" [_thread_blocked, id=10972, stack(0x000000c92b000000,0x000000c92b100000)]
  0x0000025f4147e800 JavaThread "Thread-17567" [_thread_blocked, id=15720, stack(0x000000c92af00000,0x000000c92b000000)]
  0x0000025f41477000 JavaThread "Thread-17565" [_thread_blocked, id=8520, stack(0x000000c92ae00000,0x000000c92af00000)]
  0x0000025f41476800 JavaThread "Thread-17563" [_thread_blocked, id=17152, stack(0x000000c92ad00000,0x000000c92ae00000)]
  0x0000025f4147c800 JavaThread "Thread-17561" [_thread_blocked, id=6668, stack(0x000000c92a400000,0x000000c92a500000)]
  0x0000025f4147d000 JavaThread "Thread-17559" [_thread_blocked, id=13308, stack(0x000000c92ac00000,0x000000c92ad00000)]
  0x0000025f4147b800 JavaThread "Thread-17557" [_thread_blocked, id=7904, stack(0x000000c92ab00000,0x000000c92ac00000)]
  0x0000025f4147b000 JavaThread "Thread-17555" [_thread_blocked, id=11316, stack(0x000000c92aa00000,0x000000c92ab00000)]
  0x0000025f41479800 JavaThread "Thread-17553" [_thread_blocked, id=8776, stack(0x000000c936800000,0x000000c936900000)]
  0x0000025f4147e000 JavaThread "Thread-17551" [_thread_blocked, id=12040, stack(0x000000c936600000,0x000000c936700000)]
  0x0000025f41471000 JavaThread "Thread-17549" [_thread_blocked, id=2368, stack(0x000000c92a900000,0x000000c92aa00000)]
  0x0000025f41478000 JavaThread "Thread-17547" [_thread_blocked, id=16180, stack(0x000000c936400000,0x000000c936500000)]
  0x0000025f4146e800 JavaThread "Thread-17545" [_thread_blocked, id=5380, stack(0x000000c936300000,0x000000c936400000)]
  0x0000025f41475800 JavaThread "Thread-17543" [_thread_blocked, id=12776, stack(0x000000c936200000,0x000000c936300000)]
  0x0000025f4146e000 JavaThread "Thread-17541" [_thread_blocked, id=16284, stack(0x000000c936100000,0x000000c936200000)]
  0x0000025f41475000 JavaThread "Thread-17539" [_thread_blocked, id=11660, stack(0x000000c92a200000,0x000000c92a300000)]
  0x0000025f4146d000 JavaThread "Thread-17537" [_thread_blocked, id=5460, stack(0x000000c934200000,0x000000c934300000)]
  0x0000025f41470000 JavaThread "Thread-17535" [_thread_blocked, id=6288, stack(0x000000c935f00000,0x000000c936000000)]
  0x0000025f41472800 JavaThread "Thread-17533" [_thread_blocked, id=2920, stack(0x000000c936000000,0x000000c936100000)]
  0x0000025f41471800 JavaThread "Thread-17531" [_thread_blocked, id=7988, stack(0x000000c934100000,0x000000c934200000)]
  0x0000025f4146f800 JavaThread "Thread-17529" [_thread_blocked, id=11712, stack(0x000000c934000000,0x000000c934100000)]
  0x0000025f41473000 JavaThread "Thread-17527" [_thread_blocked, id=11800, stack(0x000000c933f00000,0x000000c934000000)]
  0x0000025f41474000 JavaThread "Thread-17525" [_thread_blocked, id=576, stack(0x000000c92a000000,0x000000c92a100000)]
  0x0000025f415e6800 JavaThread "Thread-17523" [_thread_blocked, id=12916, stack(0x000000c935d00000,0x000000c935e00000)]
  0x0000025f415de800 JavaThread "Thread-17521" [_thread_blocked, id=8944, stack(0x000000c929f00000,0x000000c92a000000)]
  0x0000025f415df000 JavaThread "Thread-17519" [_thread_blocked, id=8820, stack(0x000000c935e00000,0x000000c935f00000)]
  0x0000025f415e5000 JavaThread "Thread-17517" [_thread_blocked, id=16584, stack(0x000000c933e00000,0x000000c933f00000)]
  0x0000025f415e4800 JavaThread "Thread-17515" [_thread_blocked, id=12632, stack(0x000000c935c00000,0x000000c935d00000)]
  0x0000025f415dd000 JavaThread "Thread-17513" [_thread_blocked, id=8812, stack(0x000000c933d00000,0x000000c933e00000)]
  0x0000025f415e3800 JavaThread "Thread-17511" [_thread_blocked, id=11968, stack(0x000000c933c00000,0x000000c933d00000)]
  0x0000025f415e3000 JavaThread "Thread-17509" [_thread_blocked, id=15176, stack(0x000000c933b00000,0x000000c933c00000)]
  0x0000025f415e0800 JavaThread "Thread-17507" [_thread_blocked, id=17948, stack(0x000000c933a00000,0x000000c933b00000)]
  0x0000025f415dd800 JavaThread "Thread-17505" [_thread_blocked, id=16024, stack(0x000000c933800000,0x000000c933900000)]
  0x0000025f415e0000 JavaThread "Thread-17503" [_thread_blocked, id=14452, stack(0x000000c933900000,0x000000c933a00000)]
  0x0000025f415e2000 JavaThread "Thread-17501" [_thread_blocked, id=11676, stack(0x000000c929e00000,0x000000c929f00000)]
  0x0000025f415e1800 JavaThread "Thread-17499" [_thread_blocked, id=13916, stack(0x000000c933600000,0x000000c933700000)]
  0x0000025f415d5800 JavaThread "Thread-17497" [_thread_blocked, id=17820, stack(0x000000c933700000,0x000000c933800000)]
  0x0000025f415dc000 JavaThread "Thread-17495" [_thread_blocked, id=14724, stack(0x000000c933500000,0x000000c933600000)]
  0x0000025f415db800 JavaThread "Thread-17493" [_thread_blocked, id=7556, stack(0x000000c933300000,0x000000c933400000)]
  0x0000025f415d4000 JavaThread "Thread-17491" [_thread_blocked, id=16556, stack(0x000000c929d00000,0x000000c929e00000)]
  0x0000025f415d4800 JavaThread "Thread-17489" [_thread_blocked, id=12768, stack(0x000000c933400000,0x000000c933500000)]
  0x0000025f415da800 JavaThread "Thread-17487" [_thread_blocked, id=13512, stack(0x000000c933200000,0x000000c933300000)]
  0x0000025f415da000 JavaThread "Thread-17485" [_thread_blocked, id=14308, stack(0x000000c935b00000,0x000000c935c00000)]
  0x0000025f415d3000 JavaThread "Thread-17483" [_thread_blocked, id=7872, stack(0x000000c935a00000,0x000000c935b00000)]
  0x0000025f415d9000 JavaThread "Thread-17481" [_thread_blocked, id=6588, stack(0x000000c935900000,0x000000c935a00000)]
  0x0000025f415d8800 JavaThread "Thread-17479" [_thread_blocked, id=11776, stack(0x000000c935800000,0x000000c935900000)]
  0x0000025f415d7000 JavaThread "Thread-17477" [_thread_blocked, id=2180, stack(0x000000c935700000,0x000000c935800000)]
  0x0000025f415d7800 JavaThread "Thread-17475" [_thread_blocked, id=15276, stack(0x000000c933100000,0x000000c933200000)]
  0x0000025f415d6000 JavaThread "Thread-17473" [_thread_blocked, id=1180, stack(0x000000c933000000,0x000000c933100000)]
  0x0000025f415cb800 JavaThread "Thread-17471" [_thread_blocked, id=18324, stack(0x000000c932f00000,0x000000c933000000)]
  0x0000025f415d2800 JavaThread "Thread-17469" [_thread_blocked, id=9944, stack(0x000000c935600000,0x000000c935700000)]
  0x0000025f415d1800 JavaThread "Thread-17467" [_thread_blocked, id=8432, stack(0x000000c935500000,0x000000c935600000)]
  0x0000025f415d1000 JavaThread "Thread-17465" [_thread_blocked, id=14316, stack(0x000000c929a00000,0x000000c929b00000)]
  0x0000025f415d0000 JavaThread "Thread-17463" [_thread_blocked, id=6364, stack(0x000000c932e00000,0x000000c932f00000)]
  0x0000025f415cf000 JavaThread "Thread-17461" [_thread_blocked, id=6596, stack(0x000000c935300000,0x000000c935400000)]
  0x0000025f415c8800 JavaThread "Thread-17459" [_thread_blocked, id=11692, stack(0x000000c935400000,0x000000c935500000)]
  0x0000025f415cc000 JavaThread "Thread-17457" [_thread_blocked, id=1828, stack(0x000000c935200000,0x000000c935300000)]
  0x0000025f415ca800 JavaThread "Thread-17455" [_thread_blocked, id=13184, stack(0x000000c935100000,0x000000c935200000)]
  0x0000025f415cd800 JavaThread "Thread-17453" [_thread_blocked, id=16932, stack(0x000000c934f00000,0x000000c935000000)]
  0x0000025f415c9000 JavaThread "Thread-17451" [_thread_blocked, id=14584, stack(0x000000c935000000,0x000000c935100000)]
  0x0000025f415cd000 JavaThread "Thread-17449" [_thread_blocked, id=13520, stack(0x000000c934e00000,0x000000c934f00000)]
  0x0000025f415c7800 JavaThread "Thread-17447" [_thread_blocked, id=10012, stack(0x000000c932d00000,0x000000c932e00000)]
  0x0000025f415ca000 JavaThread "Thread-17445" [_thread_blocked, id=10656, stack(0x000000c934d00000,0x000000c934e00000)]
  0x0000025f415ce800 JavaThread "Thread-17443" [_thread_blocked, id=12780, stack(0x000000c934c00000,0x000000c934d00000)]
  0x0000025f415bb000 JavaThread "Thread-17441" [_thread_blocked, id=4516, stack(0x000000c934b00000,0x000000c934c00000)]
  0x0000025f4166b000 JavaThread "Thread-17439" [_thread_blocked, id=13904, stack(0x000000c934a00000,0x000000c934b00000)]
  0x0000025f393df000 JavaThread "Thread-17437" [_thread_blocked, id=2116, stack(0x000000c934900000,0x000000c934a00000)]
  0x0000025f393dc000 JavaThread "Thread-17435" [_thread_blocked, id=17220, stack(0x000000c934800000,0x000000c934900000)]
  0x0000025f393dd800 JavaThread "Thread-17433" [_thread_blocked, id=15460, stack(0x000000c932c00000,0x000000c932d00000)]
  0x0000025f393d4000 JavaThread "Thread-17431" [_thread_blocked, id=5804, stack(0x000000c92a800000,0x000000c92a900000)]
  0x0000025f4166e800 JavaThread "Thread-17429" [_thread_blocked, id=9776, stack(0x000000c932b00000,0x000000c932c00000)]
  0x0000025f4166a000 JavaThread "Thread-17427" [_thread_blocked, id=17328, stack(0x000000c932a00000,0x000000c932b00000)]
  0x0000025f4166f800 JavaThread "Thread-17425" [_thread_blocked, id=6772, stack(0x000000c932900000,0x000000c932a00000)]
  0x0000025f41662800 JavaThread "Thread-17423" [_thread_blocked, id=14368, stack(0x000000c932400000,0x000000c932500000)]
  0x0000025f41663800 JavaThread "Thread-17421" [_thread_blocked, id=15560, stack(0x000000c932700000,0x000000c932800000)]
  0x0000025f41668800 JavaThread "Thread-17419" [_thread_blocked, id=14488, stack(0x000000c932000000,0x000000c932100000)]
  0x0000025f41668000 JavaThread "Thread-17417" [_thread_blocked, id=15048, stack(0x000000c932800000,0x000000c932900000)]
  0x0000025f41669800 JavaThread "Thread-17415" [_thread_blocked, id=12948, stack(0x000000c932600000,0x000000c932700000)]
  0x0000025f41666800 JavaThread "Thread-17413" [_thread_blocked, id=7392, stack(0x000000c932200000,0x000000c932300000)]
  0x0000025f41665800 JavaThread "Thread-17411" [_thread_blocked, id=1088, stack(0x000000c931c00000,0x000000c931d00000)]
  0x0000025f41665000 JavaThread "Thread-17409" [_thread_blocked, id=15448, stack(0x000000c931e00000,0x000000c931f00000)]
  0x0000025f41667000 JavaThread "Thread-17407" [_thread_blocked, id=7316, stack(0x000000c931a00000,0x000000c931b00000)]
  0x0000025f4165f000 JavaThread "Thread-17405" [_thread_blocked, id=18388, stack(0x000000c934500000,0x000000c934600000)]
  0x0000025f41664000 JavaThread "Thread-17403" [_thread_blocked, id=17592, stack(0x000000c932500000,0x000000c932600000)]
  0x0000025f41662000 JavaThread "Thread-17401" [_thread_blocked, id=10560, stack(0x000000c932300000,0x000000c932400000)]
  0x0000025f4165e000 JavaThread "Thread-17399" [_thread_blocked, id=11128, stack(0x000000c932100000,0x000000c932200000)]
  0x0000025f393dd000 JavaThread "Thread-17397" [_thread_blocked, id=17484, stack(0x000000c931f00000,0x000000c932000000)]
  0x0000025f393de800 JavaThread "Thread-17395" [_thread_blocked, id=8980, stack(0x000000c931d00000,0x000000c931e00000)]
  0x0000025f393db800 JavaThread "Thread-17393" [_thread_blocked, id=14568, stack(0x000000c931b00000,0x000000c931c00000)]
  0x0000025f393d5800 JavaThread "Thread-17391" [_thread_blocked, id=2716, stack(0x000000c931800000,0x000000c931900000)]
  0x0000025f393da800 JavaThread "Thread-17389" [_thread_blocked, id=3156, stack(0x000000c931900000,0x000000c931a00000)]
  0x0000025f415ba800 JavaThread "Thread-17387" [_thread_blocked, id=13928, stack(0x000000c931700000,0x000000c931800000)]
  0x0000025f415b3000 JavaThread "Thread-17385" [_thread_blocked, id=14508, stack(0x000000c931600000,0x000000c931700000)]
  0x0000025f415b9800 JavaThread "Thread-17383" [_thread_blocked, id=9284, stack(0x000000c931500000,0x000000c931600000)]
  0x0000025f415b2000 JavaThread "Thread-17381" [_thread_blocked, id=16700, stack(0x000000c931400000,0x000000c931500000)]
  0x0000025f415b9000 JavaThread "Thread-17379" [_thread_blocked, id=1476, stack(0x000000c931300000,0x000000c931400000)]
  0x0000025f415b8000 JavaThread "Thread-17377" [_thread_blocked, id=7932, stack(0x000000c931200000,0x000000c931300000)]
  0x0000025f415b7800 JavaThread "Thread-17375" [_thread_blocked, id=12856, stack(0x000000c931100000,0x000000c931200000)]
  0x0000025f415b3800 JavaThread "Thread-17373" [_thread_blocked, id=12708, stack(0x000000c931000000,0x000000c931100000)]
  0x0000025f415b5000 JavaThread "Thread-17371" [_thread_blocked, id=9260, stack(0x000000c930f00000,0x000000c931000000)]
  0x0000025f415b6800 JavaThread "Thread-17369" [_thread_blocked, id=15832, stack(0x000000c930e00000,0x000000c930f00000)]
  0x0000025f415b4800 JavaThread "Thread-17367" [_thread_blocked, id=6184, stack(0x000000c930d00000,0x000000c930e00000)]
  0x0000025f415b1800 JavaThread "Thread-17365" [_thread_blocked, id=11448, stack(0x000000c930c00000,0x000000c930d00000)]
  0x0000025f415b6000 JavaThread "Thread-17363" [_thread_blocked, id=13544, stack(0x000000c930b00000,0x000000c930c00000)]
  0x0000025f415aa000 JavaThread "Thread-17361" [_thread_blocked, id=3360, stack(0x000000c929b00000,0x000000c929c00000)]
  0x0000025f415ae800 JavaThread "Thread-17359" [_thread_blocked, id=17036, stack(0x000000c930a00000,0x000000c930b00000)]
  0x0000025f415b0800 JavaThread "Thread-17357" [_thread_blocked, id=4652, stack(0x000000c930900000,0x000000c930a00000)]
  0x0000025f415af000 JavaThread "Thread-17355" [_thread_blocked, id=14768, stack(0x000000c928a00000,0x000000c928b00000)]
  0x0000025f415ad800 JavaThread "Thread-17353" [_thread_blocked, id=1976, stack(0x000000c930800000,0x000000c930900000)]
  0x0000025f415ad000 JavaThread "Thread-17351" [_thread_blocked, id=16876, stack(0x000000c930700000,0x000000c930800000)]
  0x0000025f415ab800 JavaThread "Thread-17349" [_thread_blocked, id=10540, stack(0x000000c928900000,0x000000c928a00000)]
  0x0000025f415b0000 JavaThread "Thread-17347" [_thread_blocked, id=13772, stack(0x000000c930300000,0x000000c930400000)]
  0x0000025f415a5000 JavaThread "Thread-17345" [_thread_blocked, id=10424, stack(0x000000c930500000,0x000000c930600000)]
  0x0000025f415a6800 JavaThread "Thread-17343" [_thread_blocked, id=6840, stack(0x000000c930100000,0x000000c930200000)]
  0x0000025f415ac000 JavaThread "Thread-17341" [_thread_blocked, id=10852, stack(0x000000c930600000,0x000000c930700000)]
  0x0000025f415a3800 JavaThread "Thread-17339" [_thread_blocked, id=10196, stack(0x000000c930400000,0x000000c930500000)]
  0x0000025f415a4800 JavaThread "Thread-17337" [_thread_blocked, id=11624, stack(0x000000c930200000,0x000000c930300000)]
  0x0000025f415a7800 JavaThread "Thread-17335" [_thread_blocked, id=16352, stack(0x000000c930000000,0x000000c930100000)]
  0x0000025f415aa800 JavaThread "Thread-17333" [_thread_blocked, id=11300, stack(0x000000c92f900000,0x000000c92fa00000)]
  0x0000025f415a2000 JavaThread "Thread-17331" [_thread_blocked, id=16420, stack(0x000000c92fe00000,0x000000c92ff00000)]
  0x0000025f415a9000 JavaThread "Thread-17329" [_thread_blocked, id=4860, stack(0x000000c92fd00000,0x000000c92fe00000)]
  0x0000025f4159c000 JavaThread "Thread-17327" [_thread_blocked, id=17060, stack(0x000000c92ff00000,0x000000c930000000)]
  0x0000025f415a1800 JavaThread "Thread-17325" [_thread_blocked, id=3760, stack(0x000000c92fb00000,0x000000c92fc00000)]
  0x0000025f415a6000 JavaThread "Thread-17323" [_thread_blocked, id=15400, stack(0x000000c92fc00000,0x000000c92fd00000)]
  0x0000025f415a8000 JavaThread "Thread-17321" [_thread_blocked, id=15304, stack(0x000000c92f800000,0x000000c92f900000)]
  0x0000025f415a3000 JavaThread "Thread-17319" [_thread_blocked, id=8412, stack(0x000000c92fa00000,0x000000c92fb00000)]
  0x0000025f415a0800 JavaThread "Thread-17317" [_thread_blocked, id=16368, stack(0x000000c92f600000,0x000000c92f700000)]
  0x0000025f415a0000 JavaThread "Thread-17315" [_thread_blocked, id=15532, stack(0x000000c92f700000,0x000000c92f800000)]
  0x0000025f4159d000 JavaThread "Thread-17313" [_thread_blocked, id=17872, stack(0x000000c92f500000,0x000000c92f600000)]
  0x0000025f4148c000 JavaThread "DestroyJavaVM" [_thread_blocked, id=2272, stack(0x000000c928b00000,0x000000c928c00000)]
  0x0000025f3ba03000 JavaThread "Thread-4" [_thread_blocked, id=6820, stack(0x000000c92a700000,0x000000c92a800000)]
  0x0000025f3b819000 JavaThread "Prism Font Disposer" daemon [_thread_blocked, id=1116, stack(0x000000c92a300000,0x000000c92a400000)]
  0x0000025f3973b800 JavaThread "Thread-2" daemon [_thread_in_native, id=15652, stack(0x000000c92a100000,0x000000c92a200000)]
  0x0000025f39658000 JavaThread "Thread-1" daemon [_thread_blocked, id=4160, stack(0x000000c929c00000,0x000000c929d00000)]
  0x0000025f38802000 JavaThread "Service Thread" daemon [_thread_blocked, id=5008, stack(0x000000c929800000,0x000000c929900000)]
  0x0000025f387fc800 JavaThread "C1 CompilerThread2" daemon [_thread_blocked, id=11912, stack(0x000000c929700000,0x000000c929800000)]
  0x0000025f387fb800 JavaThread "C2 CompilerThread1" daemon [_thread_blocked, id=10840, stack(0x000000c929600000,0x000000c929700000)]
  0x0000025f3879e000 JavaThread "C2 CompilerThread0" daemon [_thread_blocked, id=10672, stack(0x000000c929500000,0x000000c929600000)]
  0x0000025f3879d000 JavaThread "Attach Listener" daemon [_thread_blocked, id=2492, stack(0x000000c929400000,0x000000c929500000)]
  0x0000025f3879c000 JavaThread "Signal Dispatcher" daemon [_thread_blocked, id=13608, stack(0x000000c929300000,0x000000c929400000)]
  0x0000025f24865000 JavaThread "Finalizer" daemon [_thread_blocked, id=7912, stack(0x000000c929200000,0x000000c929300000)]
  0x0000025f38786000 JavaThread "Reference Handler" daemon [_thread_blocked, id=2176, stack(0x000000c929100000,0x000000c929200000)]

Other Threads:
  0x0000025f38763800 VMThread [stack: 0x000000c929000000,0x000000c929100000] [id=14312]
  0x0000025f38806000 WatcherThread [stack: 0x000000c929900000,0x000000c929a00000] [id=3980]

VM state:not at safepoint (normal execution)

VM Mutex/Monitor currently owned by a thread: None

heap address: 0x00000000c1c00000, size: 996 MB, Compressed Oops mode: 32-bit
Narrow klass base: 0x0000000000000000, Narrow klass shift: 3
Compressed class space size: 1073741824 Address: 0x0000000100000000

Heap:
 PSYoungGen      total 25088K, used 16391K [0x00000000eb400000, 0x00000000ecd00000, 0x0000000100000000)
  eden space 24576K, 66% used [0x00000000eb400000,0x00000000ec3e1c90,0x00000000ecc00000)
  from space 512K, 25% used [0x00000000ecc80000,0x00000000ecca0000,0x00000000ecd00000)
  to   space 512K, 0% used [0x00000000ecc00000,0x00000000ecc00000,0x00000000ecc80000)
 ParOldGen       total 44032K, used 9439K [0x00000000c1c00000, 0x00000000c4700000, 0x00000000eb400000)
  object space 44032K, 21% used [0x00000000c1c00000,0x00000000c2537fa0,0x00000000c4700000)
 Metaspace       used 15009K, capacity 15576K, committed 15744K, reserved 1062912K
  class space    used 1901K, capacity 2075K, committed 2176K, reserved 1048576K

Card table byte_map: [0x0000025f353f0000,0x0000025f355f0000] byte_map_base: 0x0000025f34de2000

Marking Bits: (ParMarkBitMap*) 0x0000000065f77fe0
 Begin Bits: [0x0000025f35740000, 0x0000025f366d0000)
 End Bits:   [0x0000025f366d0000, 0x0000025f37660000)

Polling page: 0x0000025f24720000

CodeCache: size=245760Kb used=7449Kb max_used=7565Kb free=238310Kb
 bounds [0x0000025f26030000, 0x0000025f267a0000, 0x0000025f35030000]
 total_blobs=2872 nmethods=2239 adapters=546
 compilation: enabled

Compilation events (10 events):
Event: 96.203 Thread 0x0000025f387fb800 2342       4       application.GameGUI::paint (10 bytes)
Event: 96.206 Thread 0x0000025f387fb800 nmethod 2342 0x0000025f2614acd0 code [0x0000025f2614ae20, 0x0000025f2614af28]
Event: 96.219 Thread 0x0000025f3879e000 2343       4       application.GameGUI::enemy (21 bytes)
Event: 96.219 Thread 0x0000025f387fb800 2344       4       application.GameGUI::projectile (21 bytes)
Event: 96.301 Thread 0x0000025f387fb800 nmethod 2344 0x0000025f2623ab90 code [0x0000025f2623ade0, 0x0000025f2623c510]
Event: 96.302 Thread 0x0000025f3879e000 nmethod 2343 0x0000025f26216c90 code [0x0000025f26216ee0, 0x0000025f26218610]
Event: 98.304 Thread 0x0000025f387fb800 2345       4       java.util.concurrent.CopyOnWriteArrayList$COWIterator::<init> (7 bytes)
Event: 98.305 Thread 0x0000025f387fb800 nmethod 2345 0x0000025f261e0b10 code [0x0000025f261e0c40, 0x0000025f261e0cb8]
Event: 98.337 Thread 0x0000025f3879e000 2346       4       model.Board::updatePlayer (45 bytes)
Event: 98.339 Thread 0x0000025f3879e000 nmethod 2346 0x0000025f2627ec50 code [0x0000025f2627edc0, 0x0000025f2627ee98]

GC Heap History (10 events):
Event: 159.957 GC heap before
{Heap before GC invocations=110 (full 0):
 PSYoungGen      total 16896K, used 16448K [0x00000000eb400000, 0x00000000ec580000, 0x0000000100000000)
  eden space 16384K, 100% used [0x00000000eb400000,0x00000000ec400000,0x00000000ec400000)
  from space 512K, 12% used [0x00000000ec480000,0x00000000ec490000,0x00000000ec500000)
  to   space 512K, 0% used [0x00000000ec500000,0x00000000ec500000,0x00000000ec580000)
 ParOldGen       total 44032K, used 9255K [0x00000000c1c00000, 0x00000000c4700000, 0x00000000eb400000)
  object space 44032K, 21% used [0x00000000c1c00000,0x00000000c2509fa0,0x00000000c4700000)
 Metaspace       used 15009K, capacity 15576K, committed 15744K, reserved 1062912K
  class space    used 1901K, capacity 2075K, committed 2176K, reserved 1048576K
Event: 160.036 GC heap after
Heap after GC invocations=110 (full 0):
 PSYoungGen      total 17408K, used 32K [0x00000000eb400000, 0x00000000ec880000, 0x0000000100000000)
  eden space 16896K, 0% used [0x00000000eb400000,0x00000000eb400000,0x00000000ec480000)
  from space 512K, 6% used [0x00000000ec500000,0x00000000ec508000,0x00000000ec580000)
  to   space 512K, 0% used [0x00000000ec480000,0x00000000ec480000,0x00000000ec500000)
 ParOldGen       total 44032K, used 9295K [0x00000000c1c00000, 0x00000000c4700000, 0x00000000eb400000)
  object space 44032K, 21% used [0x00000000c1c00000,0x00000000c2513fa0,0x00000000c4700000)
 Metaspace       used 15009K, capacity 15576K, committed 15744K, reserved 1062912K
  class space    used 1901K, capacity 2075K, committed 2176K, reserved 1048576K
}
Event: 161.201 GC heap before
{Heap before GC invocations=111 (full 0):
 PSYoungGen      total 17408K, used 16928K [0x00000000eb400000, 0x00000000ec880000, 0x0000000100000000)
  eden space 16896K, 100% used [0x00000000eb400000,0x00000000ec480000,0x00000000ec480000)
  from space 512K, 6% used [0x00000000ec500000,0x00000000ec508000,0x00000000ec580000)
  to   space 512K, 0% used [0x00000000ec480000,0x00000000ec480000,0x00000000ec500000)
 ParOldGen       total 44032K, used 9295K [0x00000000c1c00000, 0x00000000c4700000, 0x00000000eb400000)
  object space 44032K, 21% used [0x00000000c1c00000,0x00000000c2513fa0,0x00000000c4700000)
 Metaspace       used 15009K, capacity 15576K, committed 15744K, reserved 1062912K
  class space    used 1901K, capacity 2075K, committed 2176K, reserved 1048576K
Event: 161.217 GC heap after
Heap after GC invocations=111 (full 0):
 PSYoungGen      total 17408K, used 128K [0x00000000eb400000, 0x00000000ec900000, 0x0000000100000000)
  eden space 16896K, 0% used [0x00000000eb400000,0x00000000eb400000,0x00000000ec480000)
  from space 512K, 25% used [0x00000000ec480000,0x00000000ec4a0000,0x00000000ec500000)
  to   space 512K, 0% used [0x00000000ec880000,0x00000000ec880000,0x00000000ec900000)
 ParOldGen       total 44032K, used 9327K [0x00000000c1c00000, 0x00000000c4700000, 0x00000000eb400000)
  object space 44032K, 21% used [0x00000000c1c00000,0x00000000c251bfa0,0x00000000c4700000)
 Metaspace       used 15009K, capacity 15576K, committed 15744K, reserved 1062912K
  class space    used 1901K, capacity 2075K, committed 2176K, reserved 1048576K
}
Event: 162.238 GC heap before
{Heap before GC invocations=112 (full 0):
 PSYoungGen      total 17408K, used 17024K [0x00000000eb400000, 0x00000000ec900000, 0x0000000100000000)
  eden space 16896K, 100% used [0x00000000eb400000,0x00000000ec480000,0x00000000ec480000)
  from space 512K, 25% used [0x00000000ec480000,0x00000000ec4a0000,0x00000000ec500000)
  to   space 512K, 0% used [0x00000000ec880000,0x00000000ec880000,0x00000000ec900000)
 ParOldGen       total 44032K, used 9327K [0x00000000c1c00000, 0x00000000c4700000, 0x00000000eb400000)
  object space 44032K, 21% used [0x00000000c1c00000,0x00000000c251bfa0,0x00000000c4700000)
 Metaspace       used 15009K, capacity 15576K, committed 15744K, reserved 1062912K
  class space    used 1901K, capacity 2075K, committed 2176K, reserved 1048576K
Event: 162.255 GC heap after
Heap after GC invocations=112 (full 0):
 PSYoungGen      total 20992K, used 64K [0x00000000eb400000, 0x00000000ec900000, 0x0000000100000000)
  eden space 20480K, 0% used [0x00000000eb400000,0x00000000eb400000,0x00000000ec800000)
  from space 512K, 12% used [0x00000000ec880000,0x00000000ec890000,0x00000000ec900000)
  to   space 512K, 0% used [0x00000000ec800000,0x00000000ec800000,0x00000000ec880000)
 ParOldGen       total 44032K, used 9367K [0x00000000c1c00000, 0x00000000c4700000, 0x00000000eb400000)
  object space 44032K, 21% used [0x00000000c1c00000,0x00000000c2525fa0,0x00000000c4700000)
 Metaspace       used 15009K, capacity 15576K, committed 15744K, reserved 1062912K
  class space    used 1901K, capacity 2075K, committed 2176K, reserved 1048576K
}
Event: 163.288 GC heap before
{Heap before GC invocations=113 (full 0):
 PSYoungGen      total 20992K, used 20544K [0x00000000eb400000, 0x00000000ec900000, 0x0000000100000000)
  eden space 20480K, 100% used [0x00000000eb400000,0x00000000ec800000,0x00000000ec800000)
  from space 512K, 12% used [0x00000000ec880000,0x00000000ec890000,0x00000000ec900000)
  to   space 512K, 0% used [0x00000000ec800000,0x00000000ec800000,0x00000000ec880000)
 ParOldGen       total 44032K, used 9367K [0x00000000c1c00000, 0x00000000c4700000, 0x00000000eb400000)
  object space 44032K, 21% used [0x00000000c1c00000,0x00000000c2525fa0,0x00000000c4700000)
 Metaspace       used 15009K, capacity 15576K, committed 15744K, reserved 1062912K
  class space    used 1901K, capacity 2075K, committed 2176K, reserved 1048576K
Event: 163.294 GC heap after
Heap after GC invocations=113 (full 0):
 PSYoungGen      total 20992K, used 64K [0x00000000eb400000, 0x00000000ecd00000, 0x0000000100000000)
  eden space 20480K, 0% used [0x00000000eb400000,0x00000000eb400000,0x00000000ec800000)
  from space 512K, 12% used [0x00000000ec800000,0x00000000ec810000,0x00000000ec880000)
  to   space 512K, 0% used [0x00000000ecc80000,0x00000000ecc80000,0x00000000ecd00000)
 ParOldGen       total 44032K, used 9407K [0x00000000c1c00000, 0x00000000c4700000, 0x00000000eb400000)
  object space 44032K, 21% used [0x00000000c1c00000,0x00000000c252ffa0,0x00000000c4700000)
 Metaspace       used 15009K, capacity 15576K, committed 15744K, reserved 1062912K
  class space    used 1901K, capacity 2075K, committed 2176K, reserved 1048576K
}
Event: 164.280 GC heap before
{Heap before GC invocations=114 (full 0):
 PSYoungGen      total 20992K, used 20544K [0x00000000eb400000, 0x00000000ecd00000, 0x0000000100000000)
  eden space 20480K, 100% used [0x00000000eb400000,0x00000000ec800000,0x00000000ec800000)
  from space 512K, 12% used [0x00000000ec800000,0x00000000ec810000,0x00000000ec880000)
  to   space 512K, 0% used [0x00000000ecc80000,0x00000000ecc80000,0x00000000ecd00000)
 ParOldGen       total 44032K, used 9407K [0x00000000c1c00000, 0x00000000c4700000, 0x00000000eb400000)
  object space 44032K, 21% used [0x00000000c1c00000,0x00000000c252ffa0,0x00000000c4700000)
 Metaspace       used 15009K, capacity 15576K, committed 15744K, reserved 1062912K
  class space    used 1901K, capacity 2075K, committed 2176K, reserved 1048576K
Event: 164.281 GC heap after
Heap after GC invocations=114 (full 0):
 PSYoungGen      total 25088K, used 128K [0x00000000eb400000, 0x00000000ecd00000, 0x0000000100000000)
  eden space 24576K, 0% used [0x00000000eb400000,0x00000000eb400000,0x00000000ecc00000)
  from space 512K, 25% used [0x00000000ecc80000,0x00000000ecca0000,0x00000000ecd00000)
  to   space 512K, 0% used [0x00000000ecc00000,0x00000000ecc00000,0x00000000ecc80000)
 ParOldGen       total 44032K, used 9439K [0x00000000c1c00000, 0x00000000c4700000, 0x00000000eb400000)
  object space 44032K, 21% used [0x00000000c1c00000,0x00000000c2537fa0,0x00000000c4700000)
 Metaspace       used 15009K, capacity 15576K, committed 15744K, reserved 1062912K
  class space    used 1901K, capacity 2075K, committed 2176K, reserved 1048576K
}

Deoptimization events (10 events):
Event: 5.303 Thread 0x0000025f3966c800 Uncommon trap: reason=class_check action=maybe_recompile pc=0x0000025f26145ca8 method=java.lang.String.equals(Ljava/lang/Object;)Z @ 8
Event: 5.303 Thread 0x0000025f3966c800 Uncommon trap: reason=class_check action=maybe_recompile pc=0x0000025f26145ca8 method=java.lang.String.equals(Ljava/lang/Object;)Z @ 8
Event: 5.303 Thread 0x0000025f3966c800 Uncommon trap: reason=class_check action=maybe_recompile pc=0x0000025f26145ca8 method=java.lang.String.equals(Ljava/lang/Object;)Z @ 8
Event: 14.742 Thread 0x0000025f3966c800 Uncommon trap: reason=unstable_if action=reinterpret pc=0x0000025f26635748 method=java.lang.StrictMath.floorOrCeil(DDDD)D @ 90
Event: 41.988 Thread 0x0000025f3966c800 Uncommon trap: reason=unstable_if action=reinterpret pc=0x0000025f26797b80 method=javafx.scene.Node.impl_intersectsBounds(Lcom/sun/javafx/geom/PickRay;)D @ 131
Event: 55.925 Thread 0x0000025f3966c800 Uncommon trap: reason=unstable_if action=reinterpret pc=0x0000025f2678afa0 method=com.sun.javafx.application.PlatformImpl.checkIdle()V @ 40
Event: 55.949 Thread 0x0000025f4148c000 Uncommon trap: reason=unstable_if action=reinterpret pc=0x0000025f262944c0 method=java.lang.Thread.init(Ljava/lang/ThreadGroup;Ljava/lang/Runnable;Ljava/lang/String;JLjava/security/AccessControlContext;Z)V @ 30
Event: 55.949 Thread 0x0000025f4148c000 Uncommon trap: reason=unstable_if action=reinterpret pc=0x0000025f26738a5c method=java.security.AccessControlContext.optimize()Ljava/security/AccessControlContext; @ 49
Event: 55.956 Thread 0x0000025f3966c800 Uncommon trap: reason=unstable_if action=reinterpret pc=0x0000025f26634580 method=java.util.concurrent.locks.ReentrantLock$Sync.tryRelease(I)Z @ 28
Event: 55.956 Thread 0x0000025f39618800 Uncommon trap: reason=unstable_if action=reinterpret pc=0x0000025f26796578 method=java.util.concurrent.locks.AbstractQueuedSynchronizer$ConditionObject.checkInterruptWhileWaiting(Ljava/util/concurrent/locks/AbstractQueuedSynchronizer$Node;)I @ 3

Classes redefined (0 events):
No events

Internal exceptions (10 events):
Event: 1.422 Thread 0x0000025f2463d800 Exception <a 'java/lang/NoSuchFieldError': method resolution failed> (0x00000000eb5c31d8) thrown at [C:\jenkins\workspace\8-2-build-windows-amd64-cygwin\jdk8u301\1513\hotspot\src\share\vm\prims\methodHandles.cpp, line 1169]
Event: 1.438 Thread 0x0000025f2463d800 Exception <a 'java/lang/NoSuchFieldError': method resolution failed> (0x00000000eb5d0558) thrown at [C:\jenkins\workspace\8-2-build-windows-amd64-cygwin\jdk8u301\1513\hotspot\src\share\vm\prims\methodHandles.cpp, line 1169]
Event: 1.541 Thread 0x0000025f2463d800 Exception <a 'java/security/PrivilegedActionException'> (0x00000000eb65b358) thrown at [C:\jenkins\workspace\8-2-build-windows-amd64-cygwin\jdk8u301\1513\hotspot\src\share\vm\prims\jvm.cpp, line 1523]
Event: 1.541 Thread 0x0000025f2463d800 Exception <a 'java/security/PrivilegedActionException'> (0x00000000eb65b568) thrown at [C:\jenkins\workspace\8-2-build-windows-amd64-cygwin\jdk8u301\1513\hotspot\src\share\vm\prims\jvm.cpp, line 1523]
Event: 1.543 Thread 0x0000025f2463d800 Exception <a 'java/security/PrivilegedActionException'> (0x00000000eb65f478) thrown at [C:\jenkins\workspace\8-2-build-windows-amd64-cygwin\jdk8u301\1513\hotspot\src\share\vm\prims\jvm.cpp, line 1523]
Event: 1.543 Thread 0x0000025f2463d800 Exception <a 'java/security/PrivilegedActionException'> (0x00000000eb65f688) thrown at [C:\jenkins\workspace\8-2-build-windows-amd64-cygwin\jdk8u301\1513\hotspot\src\share\vm\prims\jvm.cpp, line 1523]
Event: 1.545 Thread 0x0000025f2463d800 Exception <a 'java/lang/NullPointerException'> (0x00000000eb65fc60) thrown at [C:\jenkins\workspace\8-2-build-windows-amd64-cygwin\jdk8u301\1513\hotspot\src\share\vm\interpreter\linkResolver.cpp, line 1185]
Event: 3.292 Thread 0x0000025f3966c800 Exception <a 'java/lang/NullPointerException'> (0x00000000ebf6faf0) thrown at [C:\jenkins\workspace\8-2-build-windows-amd64-cygwin\jdk8u301\1513\hotspot\src\share\vm\interpreter\linkResolver.cpp, line 1185]
Event: 3.293 Thread 0x0000025f3966c800 Exception <a 'java/lang/NullPointerException'> (0x00000000ebf6faf0) thrown at [C:\jenkins\workspace\8-2-build-windows-amd64-cygwin\jdk8u301\1513\hotspot\src\share\vm\prims\jvm.cpp, line 1527]
Event: 55.949 Thread 0x0000025f4148c000 Implicit null exception at 0x0000025f26738625 to 0x0000025f26738a45

Events (10 events):
Event: 164.723 Thread 0x0000025f41659000 Thread added: 0x0000025f41659000
Event: 164.724 Thread 0x0000025f41657800 Thread added: 0x0000025f41657800
Event: 164.724 Thread 0x0000025f41657800 Thread exited: 0x0000025f41657800
Event: 164.724 Thread 0x0000025f4166e000 Thread exited: 0x0000025f4166e000
Event: 164.740 Thread 0x0000025f41654800 Thread added: 0x0000025f41654800
Event: 164.741 Thread 0x0000025f41657800 Thread added: 0x0000025f41657800
Event: 164.741 Thread 0x0000025f41657800 Thread exited: 0x0000025f41657800
Event: 164.756 Thread 0x0000025f4165c000 Thread added: 0x0000025f4165c000
Event: 164.757 Thread 0x0000025f4165c800 Thread added: 0x0000025f4165c800
Event: 164.757 Thread 0x0000025f4165c800 Thread exited: 0x0000025f4165c800


Dynamic libraries:
0x00007ff60ed00000 - 0x00007ff60ed47000 	C:\Program Files\Java\jdk1.8.0_301\jre\bin\javaw.exe
0x00007ffdf76f0000 - 0x00007ffdf78e5000 	C:\Windows\SYSTEM32\ntdll.dll
0x00007ffdd1720000 - 0x00007ffdd1736000 	C:\Program Files\Avast Software\Avast\aswhook.dll
0x00007ffdf6780000 - 0x00007ffdf683d000 	C:\Windows\System32\KERNEL32.DLL
0x00007ffdf5490000 - 0x00007ffdf5759000 	C:\Windows\System32\KERNELBASE.dll
0x00007ffdf65c0000 - 0x00007ffdf666c000 	C:\Windows\System32\ADVAPI32.dll
0x00007ffdf6bb0000 - 0x00007ffdf6c4e000 	C:\Windows\System32\msvcrt.dll
0x00007ffdf5780000 - 0x00007ffdf581b000 	C:\Windows\System32\sechost.dll
0x00007ffdf6a20000 - 0x00007ffdf6b4a000 	C:\Windows\System32\RPCRT4.dll
0x00007ffdf73e0000 - 0x00007ffdf7580000 	C:\Windows\System32\USER32.dll
0x00007ffdf5210000 - 0x00007ffdf5232000 	C:\Windows\System32\win32u.dll
0x00007ffdf73b0000 - 0x00007ffdf73da000 	C:\Windows\System32\GDI32.dll
0x00007ffdf5380000 - 0x00007ffdf548b000 	C:\Windows\System32\gdi32full.dll
0x00007ffdf5070000 - 0x00007ffdf510d000 	C:\Windows\System32\msvcp_win.dll
0x00007ffdf5110000 - 0x00007ffdf5210000 	C:\Windows\System32\ucrtbase.dll
0x00007ffde6220000 - 0x00007ffde64ba000 	C:\Windows\WinSxS\amd64_microsoft.windows.common-controls_6595b64144ccf1df_6.0.19041.1110_none_60b5254171f9507e\COMCTL32.dll
0x00007ffdf6920000 - 0x00007ffdf6950000 	C:\Windows\System32\IMM32.DLL
0x00007ffddf2e0000 - 0x00007ffddf2f5000 	C:\Program Files\Java\jdk1.8.0_301\jre\bin\vcruntime140.dll
0x00007ffdd5a80000 - 0x00007ffdd5b1b000 	C:\Program Files\Java\jdk1.8.0_301\jre\bin\msvcp140.dll
0x0000000065790000 - 0x0000000065ff0000 	C:\Program Files\Java\jdk1.8.0_301\jre\bin\server\jvm.dll
0x00007ffdf6840000 - 0x00007ffdf6848000 	C:\Windows\System32\PSAPI.DLL
0x00007ffde3210000 - 0x00007ffde3219000 	C:\Windows\SYSTEM32\WSOCK32.dll
0x00007ffdf68b0000 - 0x00007ffdf691b000 	C:\Windows\System32\WS2_32.dll
0x00007ffdd1740000 - 0x00007ffdd1767000 	C:\Windows\SYSTEM32\WINMM.dll
0x00007ffdeb460000 - 0x00007ffdeb46a000 	C:\Windows\SYSTEM32\VERSION.dll
0x00007ffdf3740000 - 0x00007ffdf3752000 	C:\Windows\SYSTEM32\kernel.appcore.dll
0x00007ffdee700000 - 0x00007ffdee710000 	C:\Program Files\Java\jdk1.8.0_301\jre\bin\verify.dll
0x00007ffdd5450000 - 0x00007ffdd547b000 	C:\Program Files\Java\jdk1.8.0_301\jre\bin\java.dll
0x00007ffdd5430000 - 0x00007ffdd5448000 	C:\Program Files\Java\jdk1.8.0_301\jre\bin\zip.dll
0x00007ffdf5e80000 - 0x00007ffdf65bf000 	C:\Windows\System32\SHELL32.dll
0x00007ffdf2b10000 - 0x00007ffdf32a1000 	C:\Windows\SYSTEM32\windows.storage.dll
0x00007ffdf59e0000 - 0x00007ffdf5d35000 	C:\Windows\System32\combase.dll
0x00007ffdf47d0000 - 0x00007ffdf47fc000 	C:\Windows\SYSTEM32\Wldp.dll
0x00007ffdf7300000 - 0x00007ffdf73ae000 	C:\Windows\System32\SHCORE.dll
0x00007ffdf6720000 - 0x00007ffdf6775000 	C:\Windows\System32\shlwapi.dll
0x00007ffdf4d70000 - 0x00007ffdf4d8f000 	C:\Windows\SYSTEM32\profapi.dll
0x0000025f39780000 - 0x0000025f39783000 	C:\Program Files\Java\jdk1.8.0_301\jre\bin\api-ms-win-core-console-l1-1-0.dll
0x0000025f39790000 - 0x0000025f39793000 	C:\Program Files\Java\jdk1.8.0_301\jre\bin\api-ms-win-core-console-l1-2-0.dll
0x0000025f397a0000 - 0x0000025f397a3000 	C:\Program Files\Java\jdk1.8.0_301\jre\bin\api-ms-win-core-datetime-l1-1-0.dll
0x0000025f397b0000 - 0x0000025f397b3000 	C:\Program Files\Java\jdk1.8.0_301\jre\bin\api-ms-win-core-debug-l1-1-0.dll
0x0000025f397c0000 - 0x0000025f397c3000 	C:\Program Files\Java\jdk1.8.0_301\jre\bin\api-ms-win-core-errorhandling-l1-1-0.dll
0x0000025f397d0000 - 0x0000025f397d4000 	C:\Program Files\Java\jdk1.8.0_301\jre\bin\api-ms-win-core-file-l1-1-0.dll
0x0000025f397e0000 - 0x0000025f397e3000 	C:\Program Files\Java\jdk1.8.0_301\jre\bin\api-ms-win-core-file-l1-2-0.dll
0x0000025f397f0000 - 0x0000025f397f3000 	C:\Program Files\Java\jdk1.8.0_301\jre\bin\api-ms-win-core-file-l2-1-0.dll
0x0000025f39800000 - 0x0000025f39803000 	C:\Program Files\Java\jdk1.8.0_301\jre\bin\api-ms-win-core-handle-l1-1-0.dll
0x0000025f39810000 - 0x0000025f39813000 	C:\Program Files\Java\jdk1.8.0_301\jre\bin\api-ms-win-core-heap-l1-1-0.dll
0x0000025f39820000 - 0x0000025f39823000 	C:\Program Files\Java\jdk1.8.0_301\jre\bin\api-ms-win-core-interlocked-l1-1-0.dll
0x0000025f39830000 - 0x0000025f39833000 	C:\Program Files\Java\jdk1.8.0_301\jre\bin\api-ms-win-core-libraryloader-l1-1-0.dll
0x0000025f39840000 - 0x0000025f39843000 	C:\Program Files\Java\jdk1.8.0_301\jre\bin\api-ms-win-core-localization-l1-2-0.dll
0x0000025f39850000 - 0x0000025f39853000 	C:\Program Files\Java\jdk1.8.0_301\jre\bin\api-ms-win-core-memory-l1-1-0.dll
0x0000025f39860000 - 0x0000025f39863000 	C:\Program Files\Java\jdk1.8.0_301\jre\bin\api-ms-win-core-namedpipe-l1-1-0.dll
0x0000025f39870000 - 0x0000025f39873000 	C:\Program Files\Java\jdk1.8.0_301\jre\bin\api-ms-win-core-processenvironment-l1-1-0.dll
0x0000025f39880000 - 0x0000025f39883000 	C:\Program Files\Java\jdk1.8.0_301\jre\bin\api-ms-win-core-processthreads-l1-1-0.dll
0x0000025f39890000 - 0x0000025f39893000 	C:\Program Files\Java\jdk1.8.0_301\jre\bin\api-ms-win-core-processthreads-l1-1-1.dll
0x0000025f398a0000 - 0x0000025f398a3000 	C:\Program Files\Java\jdk1.8.0_301\jre\bin\api-ms-win-core-profile-l1-1-0.dll
0x0000025f398b0000 - 0x0000025f398b3000 	C:\Program Files\Java\jdk1.8.0_301\jre\bin\api-ms-win-core-rtlsupport-l1-1-0.dll
0x0000025f398c0000 - 0x0000025f398c3000 	C:\Program Files\Java\jdk1.8.0_301\jre\bin\api-ms-win-core-string-l1-1-0.dll
0x0000025f398d0000 - 0x0000025f398d3000 	C:\Program Files\Java\jdk1.8.0_301\jre\bin\api-ms-win-core-synch-l1-1-0.dll
0x0000025f398e0000 - 0x0000025f398e3000 	C:\Program Files\Java\jdk1.8.0_301\jre\bin\api-ms-win-core-synch-l1-2-0.dll
0x0000025f398f0000 - 0x0000025f398f3000 	C:\Program Files\Java\jdk1.8.0_301\jre\bin\api-ms-win-core-sysinfo-l1-1-0.dll
0x0000025f39900000 - 0x0000025f39903000 	C:\Program Files\Java\jdk1.8.0_301\jre\bin\api-ms-win-core-timezone-l1-1-0.dll
0x0000025f39910000 - 0x0000025f39913000 	C:\Program Files\Java\jdk1.8.0_301\jre\bin\api-ms-win-core-util-l1-1-0.dll
0x0000025f39920000 - 0x0000025f39923000 	C:\Program Files\Java\jdk1.8.0_301\jre\bin\api-ms-win-crt-conio-l1-1-0.dll
0x0000025f39930000 - 0x0000025f39934000 	C:\Program Files\Java\jdk1.8.0_301\jre\bin\api-ms-win-crt-convert-l1-1-0.dll
0x0000025f39940000 - 0x0000025f39943000 	C:\Program Files\Java\jdk1.8.0_301\jre\bin\api-ms-win-crt-environment-l1-1-0.dll
0x0000025f39950000 - 0x0000025f39953000 	C:\Program Files\Java\jdk1.8.0_301\jre\bin\api-ms-win-crt-filesystem-l1-1-0.dll
0x0000025f39960000 - 0x0000025f39963000 	C:\Program Files\Java\jdk1.8.0_301\jre\bin\api-ms-win-crt-heap-l1-1-0.dll
0x0000025f39970000 - 0x0000025f39973000 	C:\Program Files\Java\jdk1.8.0_301\jre\bin\api-ms-win-crt-locale-l1-1-0.dll
0x0000025f39980000 - 0x0000025f39985000 	C:\Program Files\Java\jdk1.8.0_301\jre\bin\api-ms-win-crt-math-l1-1-0.dll
0x0000025f39990000 - 0x0000025f39995000 	C:\Program Files\Java\jdk1.8.0_301\jre\bin\api-ms-win-crt-multibyte-l1-1-0.dll
0x0000025f399a0000 - 0x0000025f399b0000 	C:\Program Files\Java\jdk1.8.0_301\jre\bin\api-ms-win-crt-private-l1-1-0.dll
0x0000025f399b0000 - 0x0000025f399b3000 	C:\Program Files\Java\jdk1.8.0_301\jre\bin\api-ms-win-crt-process-l1-1-0.dll
0x0000025f399c0000 - 0x0000025f399c4000 	C:\Program Files\Java\jdk1.8.0_301\jre\bin\api-ms-win-crt-runtime-l1-1-0.dll
0x0000025f399d0000 - 0x0000025f399d4000 	C:\Program Files\Java\jdk1.8.0_301\jre\bin\api-ms-win-crt-stdio-l1-1-0.dll
0x0000025f399e0000 - 0x0000025f399e4000 	C:\Program Files\Java\jdk1.8.0_301\jre\bin\api-ms-win-crt-string-l1-1-0.dll
0x0000025f399f0000 - 0x0000025f399f3000 	C:\Program Files\Java\jdk1.8.0_301\jre\bin\api-ms-win-crt-time-l1-1-0.dll
0x0000025f39a00000 - 0x0000025f39a03000 	C:\Program Files\Java\jdk1.8.0_301\jre\bin\api-ms-win-crt-utility-l1-1-0.dll
0x00007ffdb5730000 - 0x00007ffdb582a000 	C:\Program Files\Java\jdk1.8.0_301\jre\bin\ucrtbase.dll
0x00007ffdee7e0000 - 0x00007ffdee7ec000 	C:\Program Files\Java\jdk1.8.0_301\jre\bin\vcruntime140_1.dll
0x00007ffdee7b0000 - 0x00007ffdee7d3000 	C:\Program Files\Java\jdk1.8.0_301\jre\bin\prism_d3d.dll
0x00007ffdc2970000 - 0x00007ffdc2b3e000 	C:\Windows\system32\d3d9.dll
0x00007ffdf2640000 - 0x00007ffdf266f000 	C:\Windows\SYSTEM32\dwmapi.dll
0x00007ffdf23f0000 - 0x00007ffdf248e000 	C:\Windows\system32\uxtheme.dll
0x00007ffdcbbd0000 - 0x00007ffdcbc12000 	C:\Program Files\Java\jdk1.8.0_301\jre\bin\glass.dll
0x00007ffdf5900000 - 0x00007ffdf59da000 	C:\Windows\System32\COMDLG32.dll
0x00007ffdf7580000 - 0x00007ffdf76aa000 	C:\Windows\System32\ole32.dll
0x00007ffdf6950000 - 0x00007ffdf6a1d000 	C:\Windows\System32\OLEAUT32.dll
0x00007ffdf5d50000 - 0x00007ffdf5e65000 	C:\Windows\System32\MSCTF.dll
0x00007ffdf52f0000 - 0x00007ffdf5373000 	C:\Windows\System32\bcryptPrimitives.dll
0x00007ffdee790000 - 0x00007ffdee7a4000 	C:\Program Files\Java\jdk1.8.0_301\jre\bin\javafx_font.dll
0x00007ffde71f0000 - 0x00007ffde746f000 	C:\Windows\SYSTEM32\dwrite.dll
0x00007ffdf6670000 - 0x00007ffdf6719000 	C:\Windows\System32\clbcatq.dll
0x00007ffdef1f0000 - 0x00007ffdef3a4000 	C:\Windows\SYSTEM32\WindowsCodecs.dll
0x00007ffdf4f90000 - 0x00007ffdf4fb7000 	C:\Windows\System32\bcrypt.dll
0x00007ffdf0a20000 - 0x00007ffdf0c84000 	C:\Windows\system32\d3d11.dll
0x00007ffdf3880000 - 0x00007ffdf3974000 	C:\Windows\system32\dxgi.dll
0x00007ffde99a0000 - 0x00007ffde9a99000 	C:\Windows\SYSTEM32\textinputframework.dll
0x00007ffdf18a0000 - 0x00007ffdf1bfe000 	C:\Windows\System32\CoreUIComponents.dll
0x00007ffdf2060000 - 0x00007ffdf2152000 	C:\Windows\System32\CoreMessaging.dll
0x00007ffdf08c0000 - 0x00007ffdf0a14000 	C:\Windows\SYSTEM32\wintypes.dll
0x00007ffdf3b60000 - 0x00007ffdf3b93000 	C:\Windows\SYSTEM32\ntmarta.dll
0x00007ffde60a0000 - 0x00007ffde60b2000 	C:\Program Files\Java\jdk1.8.0_301\jre\bin\prism_common.dll
0x00007ffdf10f0000 - 0x00007ffdf16b0000 	C:\Windows\SYSTEM32\d2d1.dll
0x00007ffdebfb0000 - 0x00007ffdec6a6000 	C:\Windows\SYSTEM32\D3D10Warp.dll
0x00007ffdeacd0000 - 0x00007ffdead0b000 	C:\Windows\SYSTEM32\dxcore.dll
0x00007ffdf4fc0000 - 0x00007ffdf500e000 	C:\Windows\System32\cfgmgr32.dll

VM Arguments:
jvm_args: -Dfile.encoding=Cp1252 
java_command: application.Main
java_class_path (initial): D:\Usuarios\Paola\Desktop\Proyectos\jfx-SpaceInvaders\bin
Launcher Type: SUN_STANDARD

Environment Variables:
PATH=d:/Usuarios/Paola/.p2/pool/plugins/org.eclipse.justj.openjdk.hotspot.jre.full.win32.x86_64_11.0.2.v20200815-0835/jre/bin/server;d:/Usuarios/Paola/.p2/pool/plugins/org.eclipse.justj.openjdk.hotspot.jre.full.win32.x86_64_11.0.2.v20200815-0835/jre/bin;C:\Program Files (x86)\Common Files\Oracle\Java\javapath;C:\Windows\system32;C:\Windows;C:\Windows\System32\Wbem;C:\Windows\System32\WindowsPowerShell\v1.0\;C:\Windows\System32\OpenSSH\;C:\Program Files\Git\cmd;d:\Usuarios\Paola\AppData\Local\Microsoft\WindowsApps;d:\Usuarios\Paola\AppData\Local\GitHubDesktop\bin;d:\Usuarios\Paola\eclipse\java-2021-062\eclipse;
USERNAME=Paola
OS=Windows_NT
PROCESSOR_IDENTIFIER=Intel64 Family 6 Model 55 Stepping 8, GenuineIntel



---------------  S Y S T E M  ---------------

OS: Windows 10.0 , 64 bit Build 19041 (10.0.19041.1023)

CPU:total 4 (initial active 4) (4 cores per cpu, 1 threads per core) family 6 model 55 stepping 8, cmov, cx8, fxsr, mmx, sse, sse2, sse3, ssse3, sse4.1, sse4.2, popcnt, clmul, erms, 3dnowpref, tsc, tscinvbit

Memory: 4k page, physical 4078148k(291792k free), swap 16661060k(2772k free)

vm_info: Java HotSpot(TM) 64-Bit Server VM (25.301-b09) for windows-amd64 JRE (1.8.0_301-b09), built on Jun  9 2021 06:46:21 by "java_re" with MS VC++ 15.9 (VS2017)

time: Sun May 29 17:56:52 2022
timezone: Hora est. Pacfico, Sudamrica
elapsed time: 164.894630 seconds (0d 0h 2m 44s)

